  MainForm.cpp
d:\licplaterec\licplaterec\MainForm.h(328): warning C4477: 'sprintf' : format string '%s' requires an argument of type 'char *', but variadic argument 1 has type 'System::String ^'
d:\licplaterec\licplaterec\MainForm.h(339): warning C4477: 'sprintf' : format string '%s' requires an argument of type 'char *', but variadic argument 1 has type 'System::String ^'
d:\licplaterec\licplaterec\MainForm.h(411): warning C4267: 'argument': conversion from 'size_t' to 'int', possible loss of data
d:\licplaterec\licplaterec\MainForm.h(483): warning C4267: 'argument': conversion from 'size_t' to 'int', possible loss of data
d:\licplaterec\licplaterec\MainForm.h(484): warning C4267: '=': conversion from 'size_t' to 'int', possible loss of data
MainForm.cpp(6): warning C4551: function call missing argument list
MainForm.cpp(7): warning C4551: function call missing argument list
c:\opencv3\build\include\opencv2\core\cvstd.hpp(599): warning C4793: 'cv::String::String': function compiled as native:
  	Found an intrinsic not supported in managed code
c:\opencv3\build\include\opencv2\core\mat.inl.hpp(392): warning C4793: 'cv::Mat::Mat': function compiled as native:
  	Found an intrinsic not supported in managed code
c:\opencv3\build\include\opencv2\core\mat.inl.hpp(681): warning C4793: 'cv::Mat::release': function compiled as native:
  	Found an intrinsic not supported in managed code
c:\opencv3\build\include\opencv2\core\mat.inl.hpp(1872): warning C4793: 'cv::SparseMat::addref': function compiled as native:
  	Found an intrinsic not supported in managed code
c:\opencv3\build\include\opencv2\core\mat.inl.hpp(3473): warning C4793: 'cv::UMat::addref': function compiled as native:
  	Found an intrinsic not supported in managed code
c:\opencv3\build\include\opencv2\core\ptr.inl.hpp(67): warning C4793: 'cv::detail::PtrOwner::incRef': function compiled as native:
  	Found an intrinsic not supported in managed code
c:\opencv3\build\include\opencv2\core\ptr.inl.hpp(72): warning C4793: 'cv::detail::PtrOwner::decRef': function compiled as native:
  	Found an intrinsic not supported in managed code
  jackylib.obj : /DEBUG:FASTLINK is not supported when managed code is present; restarting link with /DEBUG:FULL
MainForm.obj : warning LNK4248: unresolved typeref token (0100001D) for 'CvFileStorage'; image may not run
  licPlaterec.vcxproj -> D:\licPlaterec\x64\Debug\licPlaterec.exe
  licPlaterec.vcxproj -> D:\licPlaterec\x64\Debug\licPlaterec.pdb (Partial PDB)
